<?xml version="1.0" encoding="UTF-8"?>
<!-- Generated by org.testng.reporters.JUnitXMLReporter -->
<testsuite hostname="AvayaSwain" ignored="1" tests="2" failures="0" timestamp="27 Nov 2017 06:53:58 GMT" time="0.045" errors="0">
  <testcase name="@BeforeTest setDriverPath" time="0.0" classname="driver">
    <failure type="org.testng.TestNGException" message="
Parameter &amp;apos;Browser&amp;apos; is required by BeforeTest on method setDriverPath but has not been marked @Optional or defined
in C:\Users\Get IT\AppData\Local\Temp\testng-eclipse-1594284375\testng-customsuite.xml">
      <![CDATA[org.testng.TestNGException: 
Parameter 'Browser' is required by BeforeTest on method setDriverPath but has not been marked @Optional or defined
in C:\Users\Get IT\AppData\Local\Temp\testng-eclipse-1594284375\testng-customsuite.xml
	at org.testng.internal.Parameters.createParams(Parameters.java:248)
	at org.testng.internal.Parameters.createParametersForMethod(Parameters.java:286)
	at org.testng.internal.Parameters.createParameters(Parameters.java:547)
	at org.testng.internal.Parameters.createConfigurationParameters(Parameters.java:150)
	at org.testng.internal.Invoker.invokeConfigurations(Invoker.java:206)
	at org.testng.internal.Invoker.invokeConfigurations(Invoker.java:146)
	at org.testng.TestRunner.beforeRun(TestRunner.java:658)
	at org.testng.TestRunner.run(TestRunner.java:626)
	at org.testng.SuiteRunner.runTest(SuiteRunner.java:425)
	at org.testng.SuiteRunner.runSequentially(SuiteRunner.java:420)
	at org.testng.SuiteRunner.privateRun(SuiteRunner.java:385)
	at org.testng.SuiteRunner.run(SuiteRunner.java:334)
	at org.testng.SuiteRunnerWorker.runSuite(SuiteRunnerWorker.java:52)
	at org.testng.SuiteRunnerWorker.run(SuiteRunnerWorker.java:86)
	at org.testng.TestNG.runSuitesSequentially(TestNG.java:1318)
	at org.testng.TestNG.runSuitesLocally(TestNG.java:1243)
	at org.testng.TestNG.runSuites(TestNG.java:1161)
	at org.testng.TestNG.run(TestNG.java:1129)
	at org.testng.remote.AbstractRemoteTestNG.run(AbstractRemoteTestNG.java:114)
	at org.testng.remote.RemoteTestNG.initAndRun(RemoteTestNG.java:251)
	at org.testng.remote.RemoteTestNG.main(RemoteTestNG.java:77)
]]>
    </failure>
  </testcase> <!-- @BeforeTest setDriverPath -->
  <testcase name="@AfterTest CloseSetUP" time="0.0" classname="driver">
    <skipped/>
  </testcase> <!-- @AfterTest CloseSetUP -->
  <testcase name="HotelBooking" time="0.0" classname="driver">
    <skipped/>
  </testcase> <!-- HotelBooking -->
  <testcase name="Signin" time="0.0" classname="driver">
    <skipped/>
  </testcase> <!-- Signin -->
  <testcase name="FlightBooking" time="0.0" classname="driver">
    <ignored/>
  </testcase> <!-- FlightBooking -->
</testsuite>
